# JRE version: Java(TM) SE Runtime Environment (8.0_151-b12) (build 1.8.0_151-b12)
# Java VM: Java HotSpot(TM) 64-Bit Server VM (25.151-b12 mixed mode linux-amd64 compressed oops)
Heap:
 PSYoungGen      total 576000K, used 0K [0x0000000782100000, 0x00000007beb80000, 0x00000007c0000000)
  eden space 238080K, 0% used [0x0000000782100000,0x0000000782100000,0x0000000790980000)
  from space 337920K, 0% used [0x0000000790980000,0x0000000790980000,0x00000007a5380000)
  to   space 337920K, 0% used [0x00000007aa180000,0x00000007aa180000,0x00000007beb80000)
 ParOldGen       total 1568256K, used 1564814K [0x0000000706200000, 0x0000000765d80000, 0x0000000782100000)
  object space 1568256K, 99% used [0x0000000706200000,0x0000000765a23a98,0x0000000765d80000)
 Metaspace       used 9645K, capacity 10094K, committed 10368K, reserved 1058816K
  class space    used 1194K, capacity 1325K, committed 1408K, reserved 1048576K
GC Heap History (10 events):
Event: 13.220 GC heap after
Heap after GC invocations=14 (full 4):
 PSYoungGen      total 510976K, used 213225K [0x0000000782100000, 0x00000007b6880000, 0x00000007c0000000)
  eden space 183808K, 0% used [0x0000000782100000,0x0000000782100000,0x000000078d480000)
  from space 327168K, 65% used [0x00000007a2900000,0x00000007af93a798,0x00000007b6880000)
  to   space 337920K, 0% used [0x000000078d480000,0x000000078d480000,0x00000007a1e80000)
 ParOldGen       total 1055744K, used 819755K [0x0000000706200000, 0x0000000746900000, 0x0000000782100000)
  object space 1055744K, 77% used [0x0000000706200000,0x000000073828af60,0x0000000746900000)
 Metaspace       used 9645K, capacity 10094K, committed 10368K, reserved 1058816K
  class space    used 1194K, capacity 1325K, committed 1408K, reserved 1048576K
}
Event: 13.333 GC heap before
{Heap before GC invocations=15 (full 4):
 PSYoungGen      total 510976K, used 397033K [0x0000000782100000, 0x00000007b6880000, 0x00000007c0000000)
  eden space 183808K, 100% used [0x0000000782100000,0x000000078d480000,0x000000078d480000)
  from space 327168K, 65% used [0x00000007a2900000,0x00000007af93a798,0x00000007b6880000)
  to   space 337920K, 0% used [0x000000078d480000,0x000000078d480000,0x00000007a1e80000)
 ParOldGen       total 1055744K, used 819755K [0x0000000706200000, 0x0000000746900000, 0x0000000782100000)
  object space 1055744K, 77% used [0x0000000706200000,0x000000073828af60,0x0000000746900000)
 Metaspace       used 9645K, capacity 10094K, committed 10368K, reserved 1058816K
  class space    used 1194K, capacity 1325K, committed 1408K, reserved 1048576K
Event: 13.718 GC heap after
Heap after GC invocations=15 (full 4):
 PSYoungGen      total 521728K, used 164747K [0x0000000782100000, 0x00000007ba500000, 0x00000007c0000000)
  eden space 183808K, 0% used [0x0000000782100000,0x0000000782100000,0x000000078d480000)
  from space 337920K, 48% used [0x000000078d480000,0x0000000797562f28,0x00000007a1e80000)
  to   space 337920K, 0% used [0x00000007a5b00000,0x00000007a5b00000,0x00000007ba500000)
 ParOldGen       total 1055744K, used 1036557K [0x0000000706200000, 0x0000000746900000, 0x0000000782100000)
  object space 1055744K, 98% used [0x0000000706200000,0x00000007456436f8,0x0000000746900000)
 Metaspace       used 9645K, capacity 10094K, committed 10368K, reserved 1058816K
  class space    used 1194K, capacity 1325K, committed 1408K, reserved 1048576K
}
Event: 13.718 GC heap before
{Heap before GC invocations=16 (full 5):
 PSYoungGen      total 521728K, used 164747K [0x0000000782100000, 0x00000007ba500000, 0x00000007c0000000)
  eden space 183808K, 0% used [0x0000000782100000,0x0000000782100000,0x000000078d480000)
  from space 337920K, 48% used [0x000000078d480000,0x0000000797562f28,0x00000007a1e80000)
  to   space 337920K, 0% used [0x00000007a5b00000,0x00000007a5b00000,0x00000007ba500000)
 ParOldGen       total 1055744K, used 1036557K [0x0000000706200000, 0x0000000746900000, 0x0000000782100000)
  object space 1055744K, 98% used [0x0000000706200000,0x00000007456436f8,0x0000000746900000)
 Metaspace       used 9645K, capacity 10094K, committed 10368K, reserved 1058816K
  class space    used 1194K, capacity 1325K, committed 1408K, reserved 1048576K
Event: 16.529 GC heap after
Heap after GC invocations=16 (full 5):
 PSYoungGen      total 521728K, used 134676K [0x0000000782100000, 0x00000007ba500000, 0x00000007c0000000)
  eden space 183808K, 0% used [0x0000000782100000,0x0000000782100000,0x000000078d480000)
  from space 337920K, 39% used [0x000000078d480000,0x00000007958050e0,0x00000007a1e80000)
  to   space 337920K, 0% used [0x00000007a5b00000,0x00000007a5b00000,0x00000007ba500000)
 ParOldGen       total 1568256K, used 1055421K [0x0000000706200000, 0x0000000765d80000, 0x0000000782100000)
  object space 1568256K, 67% used [0x0000000706200000,0x00000007468af408,0x0000000765d80000)
 Metaspace       used 9645K, capacity 10094K, committed 10368K, reserved 1058816K
  class space    used 1194K, capacity 1325K, committed 1408K, reserved 1048576K
}
Event: 16.589 GC heap before
{Heap before GC invocations=17 (full 5):
 PSYoungGen      total 521728K, used 318484K [0x0000000782100000, 0x00000007ba500000, 0x00000007c0000000)
  eden space 183808K, 100% used [0x0000000782100000,0x000000078d480000,0x000000078d480000)
  from space 337920K, 39% used [0x000000078d480000,0x00000007958050e0,0x00000007a1e80000)
  to   space 337920K, 0% used [0x00000007a5b00000,0x00000007a5b00000,0x00000007ba500000)
 ParOldGen       total 1568256K, used 1055421K [0x0000000706200000, 0x0000000765d80000, 0x0000000782100000)
  object space 1568256K, 67% used [0x0000000706200000,0x00000007468af408,0x0000000765d80000)
 Metaspace       used 9645K, capacity 10094K, committed 10368K, reserved 1058816K
  class space    used 1194K, capacity 1325K, committed 1408K, reserved 1048576K
Event: 17.692 GC heap after
Heap after GC invocations=17 (full 5):
 PSYoungGen      total 568320K, used 164414K [0x0000000782100000, 0x00000007b9d80000, 0x00000007c0000000)
  eden space 238080K, 0% used [0x0000000782100000,0x0000000782100000,0x0000000790980000)
  from space 330240K, 49% used [0x00000007a5b00000,0x00000007afb8fb58,0x00000007b9d80000)
  to   space 337920K, 0% used [0x0000000790980000,0x0000000790980000,0x00000007a5380000)
 ParOldGen       total 1568256K, used 1192795K [0x0000000706200000, 0x0000000765d80000, 0x0000000782100000)
  object space 1568256K, 76% used [0x0000000706200000,0x000000074eed6d38,0x0000000765d80000)
 Metaspace       used 9645K, capacity 10094K, committed 10368K, reserved 1058816K
  class space    used 1194K, capacity 1325K, committed 1408K, reserved 1048576K
}
Event: 17.799 GC heap before
{Heap before GC invocations=18 (full 5):
 PSYoungGen      total 568320K, used 402494K [0x0000000782100000, 0x00000007b9d80000, 0x00000007c0000000)
  eden space 238080K, 100% used [0x0000000782100000,0x0000000790980000,0x0000000790980000)
  from space 330240K, 49% used [0x00000007a5b00000,0x00000007afb8fb58,0x00000007b9d80000)
  to   space 337920K, 0% used [0x0000000790980000,0x0000000790980000,0x00000007a5380000)
 ParOldGen       total 1568256K, used 1192795K [0x0000000706200000, 0x0000000765d80000, 0x0000000782100000)
  object space 1568256K, 76% used [0x0000000706200000,0x000000074eed6d38,0x0000000765d80000)
 Metaspace       used 9645K, capacity 10094K, committed 10368K, reserved 1058816K
  class space    used 1194K, capacity 1325K, committed 1408K, reserved 1048576K
Event: 18.222 GC heap after
Heap after GC invocations=18 (full 5):
 PSYoungGen      total 576000K, used 213024K [0x0000000782100000, 0x00000007beb80000, 0x00000007c0000000)
  eden space 238080K, 0% used [0x0000000782100000,0x0000000782100000,0x0000000790980000)
  from space 337920K, 63% used [0x0000000790980000,0x000000079d988000,0x00000007a5380000)
  to   space 337920K, 0% used [0x00000007aa180000,0x00000007aa180000,0x00000007beb80000)
 ParOldGen       total 1568256K, used 1359530K [0x0000000706200000, 0x0000000765d80000, 0x0000000782100000)
  object space 1568256K, 86% used [0x0000000706200000,0x00000007591aa890,0x0000000765d80000)
 Metaspace       used 9645K, capacity 10094K, committed 10368K, reserved 1058816K
  class space    used 1194K, capacity 1325K, committed 1408K, reserved 1048576K
}
Event: 18.222 GC heap before
{Heap before GC invocations=19 (full 6):
 PSYoungGen      total 576000K, used 213024K [0x0000000782100000, 0x00000007beb80000, 0x00000007c0000000)
  eden space 238080K, 0% used [0x0000000782100000,0x0000000782100000,0x0000000790980000)
  from space 337920K, 63% used [0x0000000790980000,0x000000079d988000,0x00000007a5380000)
  to   space 337920K, 0% used [0x00000007aa180000,0x00000007aa180000,0x00000007beb80000)
 ParOldGen       total 1568256K, used 1359530K [0x0000000706200000, 0x0000000765d80000, 0x0000000782100000)
  object space 1568256K, 86% used [0x0000000706200000,0x00000007591aa890,0x0000000765d80000)
 Metaspace       used 9645K, capacity 10094K, committed 10368K, reserved 1058816K
  class space    used 1194K, capacity 1325K, committed 1408K, reserved 1048576K

